Starting Docker build...
#1 [internal] load build definition from Dockerfile.python3-git
#1 transferring dockerfile: 430B 0.2s
#1 ...

#2 [internal] load .dockerignore
#2 transferring context: 2B 0.0s done
#2 DONE 0.6s

#1 [internal] load build definition from Dockerfile.python3-git
#1 transferring dockerfile: 434B 0.2s done
#1 DONE 0.8s

#3 [internal] load metadata for gcr.io/distroless/python3-debian11:debug
#3 DONE 0.0s

#4 [internal] load metadata for docker.io/bitnami/git:2.41.0-debian-11-r6
#4 ...

#5 [auth] bitnami/git:pull token for registry-1.docker.io
#5 DONE 0.0s

#4 [internal] load metadata for docker.io/bitnami/git:2.41.0-debian-11-r6
#4 DONE 3.0s

#6 [release 1/4] FROM gcr.io/distroless/python3-debian11:debug
#6 DONE 0.0s

#7 [builder 1/1] FROM docker.io/bitnami/git:2.41.0-debian-11-r6@sha256:5a1d0b5b4e93f6d2dbc353a98e15451bf17fc93d65aa3898445200ae5ddd6bfa
#7 DONE 0.0s

#8 [release 2/4] COPY --from=builder /opt/bitnami/git /opt/bitnami/git
#8 CACHED

#9 [release 3/4] COPY --from=builder /usr/lib/x86_64-linux-gnu/libcurl.so.4 /usr/lib/x86_64-linux-gnu/libcurl.so.4
#9 CACHED

#10 [release 4/4] COPY --from=builder /usr/lib/x86_64-linux-gnu/libnghttp2.so.14 /usr/lib/x86_64-linux-gnu/libnghttp2.so.14
#10 CACHED

#11 exporting to image
#11 exporting layers done
#11 writing image sha256:548712cbdaf258296b1c9733dd2d727ddfed2dc05e431cd70dee618c3ca39f41 0.0s done
#11 naming to docker.io/linusyong/python3-git-docker-build 0.1s done
#11 DONE 0.1s
Starting Kaniko build...
[36mINFO[0m[0002] Resolved base name bitnami/git:2.41.0-debian-11-r6 to builder 
[36mINFO[0m[0002] Resolved base name gcr.io/distroless/python3-debian11:debug to release 
[36mINFO[0m[0002] Retrieving image manifest bitnami/git:2.41.0-debian-11-r6 
[36mINFO[0m[0002] Retrieving image bitnami/git:2.41.0-debian-11-r6 from registry index.docker.io 
[36mINFO[0m[0004] Retrieving image manifest bitnami/git:2.41.0-debian-11-r6 
[36mINFO[0m[0004] Returning cached image manifest              
[36mINFO[0m[0005] Retrieving image manifest gcr.io/distroless/python3-debian11:debug 
[36mINFO[0m[0005] Retrieving image gcr.io/distroless/python3-debian11:debug from registry gcr.io 
[36mINFO[0m[0007] Retrieving image manifest gcr.io/distroless/python3-debian11:debug 
[36mINFO[0m[0007] Returning cached image manifest              
[36mINFO[0m[0009] Built cross stage deps: map[0:[/opt/bitnami/git /usr/lib/x86_64-linux-gnu/libcurl.so.4 /usr/lib/x86_64-linux-gnu/libnghttp2.so.14]] 
[36mINFO[0m[0009] Retrieving image manifest bitnami/git:2.41.0-debian-11-r6 
[36mINFO[0m[0009] Returning cached image manifest              
[36mINFO[0m[0009] Retrieving image manifest bitnami/git:2.41.0-debian-11-r6 
[36mINFO[0m[0009] Returning cached image manifest              
[36mINFO[0m[0009] Executing 0 build triggers                   
[36mINFO[0m[0009] Building stage 'bitnami/git:2.41.0-debian-11-r6' [idx: '0', base-idx: '-1'] 
[36mINFO[0m[0066] Saving file opt/bitnami/git for later use    
[36mINFO[0m[0071] Saving file usr/lib/x86_64-linux-gnu/libcurl.so.4 for later use 
[36mINFO[0m[0071] Saving file usr/lib/x86_64-linux-gnu/libnghttp2.so.14.20.1 for later use 
[36mINFO[0m[0071] Saving file usr/lib/x86_64-linux-gnu/libnghttp2.so.14 for later use 
[36mINFO[0m[0071] Saving file usr/lib/x86_64-linux-gnu/libcurl.so.4.7.0 for later use 
[36mINFO[0m[0071] Deleting filesystem...                       
[36mINFO[0m[0071] Retrieving image manifest gcr.io/distroless/python3-debian11:debug 
[36mINFO[0m[0071] Returning cached image manifest              
[36mINFO[0m[0071] Retrieving image manifest gcr.io/distroless/python3-debian11:debug 
[36mINFO[0m[0071] Returning cached image manifest              
[36mINFO[0m[0071] Executing 0 build triggers                   
[36mINFO[0m[0071] Building stage 'gcr.io/distroless/python3-debian11:debug' [idx: '1', base-idx: '-1'] 
[36mINFO[0m[0071] Unpacking rootfs as cmd COPY --from=builder /opt/bitnami/git /opt/bitnami/git requires it. 
[36mINFO[0m[0115] COPY --from=builder /opt/bitnami/git /opt/bitnami/git 
[36mINFO[0m[0119] Taking snapshot of files...                  
[36mINFO[0m[0154] COPY --from=builder /usr/lib/x86_64-linux-gnu/libcurl.so.4 /usr/lib/x86_64-linux-gnu/libcurl.so.4 
[36mINFO[0m[0154] Taking snapshot of files...                  
[36mINFO[0m[0154] COPY --from=builder /usr/lib/x86_64-linux-gnu/libnghttp2.so.14 /usr/lib/x86_64-linux-gnu/libnghttp2.so.14 
[36mINFO[0m[0154] Taking snapshot of files...                  
[36mINFO[0m[0154] ENTRYPOINT ["sh"]                            
[36mINFO[0m[0154] No files changed in this command, skipping snapshotting. 
[36mINFO[0m[0189] Skipping push to container registry due to --no-push flag 
Loaded image: linusyong/python3-git-kaniko-build:latest
Starting Apko build...
ℹ️  [36mx86_64    |[0m [37mBuilding images for 1 architectures: [amd64][0m
ℹ️  [36mx86_64    |[0m [37mbuilding tags [linusyong/python3-git-apko-build][0m
ℹ️  [36mx86_64    |[0m [37mbuild context:[0m
ℹ️  [36mx86_64    |[0m [37m  working directory: /tmp/apko-2337745224/x86_64[0m
ℹ️  [36mx86_64    |[0m [37m  tarball path: [0m
ℹ️  [36mx86_64    |[0m [37m  source date: 2023-06-20 20:20:42 +1000 +1000[0m
ℹ️  [36mx86_64    |[0m [37m  Docker mediatypes: false[0m
ℹ️  [36mx86_64    |[0m [37m  SBOM output path: [0m
ℹ️  [36mx86_64    |[0m [37m  arch: x86_64[0m
ℹ️  [36mx86_64    |[0m [37mimage configuration:[0m
ℹ️  [36mx86_64    |[0m [37m  contents:[0m
ℹ️  [36mx86_64    |[0m [37m    repositories: [https://packages.wolfi.dev/os][0m
ℹ️  [36mx86_64    |[0m [37m    keyring:      [https://packages.wolfi.dev/os/wolfi-signing.rsa.pub][0m
ℹ️  [36mx86_64    |[0m [37m    packages:     [wolfi-base busybox python3 git][0m
ℹ️  [36mx86_64    |[0m [37m  entrypoint:[0m
ℹ️  [36mx86_64    |[0m [37m    type:    [0m
ℹ️  [36mx86_64    |[0m [37m    command:     /bin/sh -l[0m
ℹ️  [36mx86_64    |[0m [37m    service: map[][0m
ℹ️  [36mx86_64    |[0m [37m    shell fragment: [0m
ℹ️  [36mx86_64    |[0m [37m  accounts:[0m
ℹ️  [36mx86_64    |[0m [37m    runas:  userXX[0m
ℹ️  [36mx86_64    |[0m [37m    users:[0m
ℹ️  [36mx86_64    |[0m [37m      - uid=10000(userXX) gid=0[0m
ℹ️  [36mx86_64    |[0m [37m    groups:[0m
ℹ️  [36mx86_64    |[0m [37m      - gid=10000(userXX) members=[][0m
ℹ️  [36mx86_64    |[0m [37mdoing pre-flight checks[0m
ℹ️  [36mx86_64    |[0m [37mbuilding image fileystem in /tmp/apko-2337745224/x86_64[0m
ℹ️  [36mx86_64    |[0m [37minitializing apk database[0m
ℹ️  [36mx86_64    |[0m [37mfinished initializing apk database[0m
ℹ️  [36mx86_64    |[0m [37msetting apk world[0m
ℹ️  [36mx86_64    |[0m [37minitializing apk keyring[0m
ℹ️  [36mx86_64    |[0m [37msetting apk repositories[0m
ℹ️  [36mx86_64    |[0m [37msynchronizing with desired apk world[0m
ℹ️  [36mx86_64    |[0m [37mdetermining desired apk world[0m
ℹ️  [36mx86_64    |[0m [37mcreating group 10000(userXX)[0m
⚠️  [33mx86_64    |[0m [33mdid not generate /etc/os-release: already present[0m
ℹ️  [36mx86_64    |[0m [37mgenerating supervision tree[0m
ℹ️  [36mx86_64    |[0m [37mfinished building filesystem in /tmp/apko-2337745224/x86_64[0m
ℹ️  [36mx86_64    |[0m [37mbuilt image layer tarball as /tmp/apko-temp-1929800792/apko-x86_64.tar.gz[0m
ℹ️  [36mx86_64    |[0m [37mbuilding OCI image from layer '/tmp/apko-temp-1929800792/apko-x86_64.tar.gz'[0m
ℹ️  [36mx86_64    |[0m [37mOCI layer digest: sha256:c2cb97c55346f8c23b9df1ca7e3d7631affc588ef44c0d44837846326169f2e7[0m
ℹ️  [36mx86_64    |[0m [37mOCI layer diffID: sha256:791496fd03bc8d57b054449424c3805c511775d76321bc6a4e2a68291ee664e8[0m
ℹ️  [36mx86_64    |[0m [37madding amd64 to index[0m
ℹ️  [36mx86_64    |[0m [37mFinal index tgz at: /workdir/python3-git-apko-build.tar[0m
Loaded image: linusyong/python3-git-apko-build:latest-amd64
Starting syft SBOM generation...
Starting grype vulnerability scan...
Scanning docker-build...
No vulnerabilities found
Scanning kaniko-build...
No vulnerabilities found
Scanning apko-build...
No vulnerabilities found
